<?xml version="1.0" encoding="UTF-8"?>
<!-- Generated by org.testng.reporters.JUnitReportReporter -->
<testsuite hostname="DESKTOP-S0UAQKN" failures="0" tests="1" name="com.iNetBanking.testCases.TC_LoginPage_001" time="37.643" errors="0" timestamp="2022-03-25T10:16:26 AST" skipped="0">
  <testcase classname="com.iNetBanking.testCases.TC_LoginPage_001" name="loginTest" time="37.643"/>
  <system-out/>
</testsuite> <!-- com.iNetBanking.testCases.TC_LoginPage_001 -->
